<?xml version="1.0" encoding="UTF-8"?>
<!-- Generated by org.testng.reporters.JUnitReportReporter -->
<testsuite hostname="HPaf008ax" failures="0" tests="1" name="Academy.LoginPageTest" time="1.287" errors="0" timestamp="2020-09-25T18:06:33 IST" skipped="0">
  <testcase classname="Academy.LoginPageTest" name="initLogin" time="1.287"/>
  <system-out/>
</testsuite> <!-- Academy.LoginPageTest -->
