<?xml version="1.0" encoding="UTF-8"?>
<!-- Generated by org.testng.reporters.JUnitReportReporter -->
<testsuite hostname="HPaf008ax" failures="0" tests="1" name="Academy.HomePageTest" time="3.423" errors="0" timestamp="2020-09-25T19:06:23 IST" skipped="0">
  <testcase classname="Academy.HomePageTest" name="clickLogin" time="3.423"/>
  <system-out/>
</testsuite> <!-- Academy.HomePageTest -->
