<?xml version="1.0" encoding="UTF-8"?>
<!-- Generated by org.testng.reporters.JUnitReportReporter -->
<testsuite hostname="HPaf008ax" failures="0" tests="1" name="Academy.HomePageTest" time="4.103" errors="0" timestamp="2020-10-01T18:12:39 IST" skipped="0">
  <testcase classname="Academy.HomePageTest" name="selectCity" time="4.103"/>
  <system-out/>
</testsuite> <!-- Academy.HomePageTest -->
