<?xml version="1.0" encoding="UTF-8"?>
<!-- Generated by org.testng.reporters.JUnitReportReporter -->
<testsuite hostname="HPaf008ax" failures="0" tests="1" name="Academy.HomePageTest" time="7.228" errors="0" timestamp="2020-09-26T19:17:16 IST" skipped="0">
  <testcase classname="Academy.HomePageTest" name="selectCity" time="7.228"/>
  <system-out/>
</testsuite> <!-- Academy.HomePageTest -->
