<?xml version="1.0" encoding="UTF-8"?>
<!-- Generated by org.testng.reporters.JUnitReportReporter -->
<testsuite hostname="HPaf008ax" failures="0" tests="1" name="Academy.LoginPageTest" time="18.544" errors="0" timestamp="2020-09-26T19:17:17 IST" skipped="0">
  <testcase classname="Academy.LoginPageTest" name="initLogin" time="18.544"/>
  <system-out/>
</testsuite> <!-- Academy.LoginPageTest -->
